Epoch: 1, Batch: 1 train_loss: 9.578546524047852
Epoch: 1, Batch: 1001 train_loss: 1.9734989404678345
Epoch: 1, Batch: 1 valid_loss: 1.8131027221679688
Epoch: 1, Batch: 101 valid_loss: 2.055820941925049
Epoch: 1, Train Loss: 2.3336429064877553, Val Loss: 1.919813967209596, Took 0:08:33.438388, ETA: 1:17:00.945492

Epoch: 2, Batch: 1 train_loss: 1.506833791732788
Epoch: 2, Batch: 1001 train_loss: 1.5844695568084717
Epoch: 2, Batch: 1 valid_loss: 1.7547515630722046
Epoch: 2, Batch: 101 valid_loss: 2.1509056091308594
Epoch: 2, Train Loss: 1.7940942180003219, Val Loss: 1.7133135282076322, Took 0:08:20.256565, ETA: 1:06:42.052520

Epoch: 3, Batch: 1 train_loss: 1.4008244276046753
Epoch: 3, Batch: 1001 train_loss: 1.0535385608673096
Epoch: 3, Batch: 1 valid_loss: 1.7130165100097656
Epoch: 3, Batch: 101 valid_loss: 1.85871422290802
Epoch: 3, Train Loss: 1.6789895864003717, Val Loss: 1.6855093121528626, Took 0:08:24.683449, ETA: 0:58:52.784143

Epoch: 4, Batch: 1 train_loss: 1.916727900505066
Epoch: 4, Batch: 1001 train_loss: 1.8401918411254883
Epoch: 4, Batch: 1 valid_loss: 1.4947171211242676
Epoch: 4, Batch: 101 valid_loss: 1.282086730003357
Epoch: 4, Train Loss: 1.6311883650112562, Val Loss: 1.6309346015636736, Took 0:08:19.333891, ETA: 0:49:56.003346

Epoch: 5, Batch: 1 train_loss: 1.5909934043884277
Epoch: 5, Batch: 1001 train_loss: 1.3638014793395996
Epoch: 5, Batch: 1 valid_loss: 1.2996028661727905
Epoch: 5, Batch: 101 valid_loss: 1.4472664594650269
Epoch: 5, Train Loss: 1.599893919183461, Val Loss: 1.5913422543268938, Took 0:08:23.640762, ETA: 0:41:58.203810

Epoch: 6, Batch: 1 train_loss: 1.611449956893921
Epoch: 6, Batch: 1 train_loss: 1.7490662336349487
Epoch: 6, Batch: 1001 train_loss: 1.708998680114746
Epoch: 6, Batch: 1 valid_loss: 1.5218098163604736
Epoch: 6, Batch: 101 valid_loss: 1.376846194267273
Epoch: 6, Train Loss: 1.5841005909084762, Val Loss: 1.6071949711212745, Took 0:08:03.882832, ETA: 0:32:15.531328

Epoch: 7, Batch: 1 train_loss: 0.9981069564819336
Epoch: 7, Batch: 1001 train_loss: 0.8132928013801575
Epoch: 7, Batch: 1 valid_loss: 1.4010906219482422
Epoch: 7, Batch: 101 valid_loss: 1.6123292446136475
Epoch: 7, Train Loss: 1.5566696244759621, Val Loss: 1.5990983779613788, Took 0:08:49.166701, ETA: 0:26:27.500103

Epoch: 8, Batch: 1 train_loss: 1.472379446029663
Epoch: 8, Batch: 1001 train_loss: 1.4637532234191895
Epoch: 8, Batch: 1 valid_loss: 1.4801775217056274
Epoch: 8, Batch: 101 valid_loss: 1.910336971282959
Epoch: 8, Train Loss: 1.540925473409661, Val Loss: 1.5937186236564929, Took 0:08:55.629008, ETA: 0:17:51.258016

Epoch: 9, Batch: 1 train_loss: 1.3590879440307617
Epoch: 9, Batch: 1001 train_loss: 1.6513054370880127
Epoch: 9, Batch: 1 valid_loss: 1.6118438243865967
Epoch: 9, Batch: 101 valid_loss: 1.1222906112670898
Epoch: 9, Train Loss: 1.5342525127108004, Val Loss: 1.5891744311039264, Took 0:08:31.447322, ETA: 0:08:31.447322

Epoch: 10, Batch: 1 train_loss: 1.8255672454833984
Epoch: 10, Batch: 1001 train_loss: 1.408658742904663
Epoch: 10, Batch: 1 valid_loss: 1.8909085988998413
Epoch: 10, Batch: 101 valid_loss: 1.6690021753311157
Epoch: 10, Train Loss: 1.5279344691739063, Val Loss: 1.5640358787316542, Took 0:08:23.111936, ETA: 0:00:00

Test Performance: Loss: 0.024901849266912718, Bleu1: 61.66429979147123, Bleu4: 7.359393837880663
Test Performance: Loss: 0.024707557196366494, Bleu1: 61.446555281523366, Bleu4: 7.155240831784324
Test Performance: Loss: 0.02505601454238556, Bleu1: 54.02841605982899, Bleu4: 4.2756164660711
Test Performance: Loss: 0.0248753129145456, Bleu1: 40.82341101462307, Bleu4: 2.120729076129945
Test Performance: Loss: 0.024931731611444585, Bleu1: 10.260890639539715, Bleu4: 0.7070061951129677
Test Performance: Loss: 0.024959192175303235, Bleu1: 61.64754023922986, Bleu4: 7.431170184209713
Test Performance: Loss: 0.024783121313358494, Bleu1: 61.385092048997855, Bleu4: 7.2602203808928065
Test Performance: Loss: 0.024905076649368314, Bleu1: 53.85846809331499, Bleu4: 4.148838216248396
Test Performance: Loss: 0.025157855032095625, Bleu1: 41.039058846396834, Bleu4: 2.1710852924475916
Test Performance: Loss: 0.024654914986387607, Bleu1: 10.224794836410855, Bleu4: 0.7027123634254206
Test Performance: Loss: 0.02489304987660462, Bleu1: 3.0936888258522433, Bleu4: 0.29063973923647096
